<?xml version="1.0" encoding="UTF-8"?>
<testsuite name="CinemaTests" tests="1" skipped="0" failures="0" errors="0" timestamp="2024-01-29T18:28:23" hostname="macbook-pro-uzivatela-cuninka.home" time="7.112">
  <properties/>
  <testcase name="start" classname="CinemaTests" time="7.112"/>
  <system-out><![CDATA[?[1;31m
Start test 1?[0m
?[0;34m
?[0m?[0;34m  .   ____          _            __ _ _
?[0m?[0;34m /\\ / ___'_ __ _ _(_)_ __  __ _ \ \ \ \
?[0m?[0;34m( ( )\___ | '_ | '_| | '_ \/ _` | \ \ \ \
?[0m?[0;34m \\/  ___)| |_)| | | | | || (_| |  ) ) ) )
?[0m?[0;34m  '  |____| .__|_| |_|_| |_\__, | / / / /
?[0m?[0;34m =========|_|==============|___/=/_/_/_/
?[0m?[0;34m :: Spring Boot ::                (v3.0.2)
?[0m?[0;34m
?[0m?[0;34m2024-01-29T19:28:24.865+01:00  INFO 31444 --- [    Test worker] cinema.Main                              : Starting Main using Java 17.0.8.1 with PID 31444 (started by cuninkapavol in /Users/cuninkapavol/IdeaProjects/Cinema Room REST Service with Java/Cinema Room REST Service with Java/task)
?[0m?[0;34m2024-01-29T19:28:24.875+01:00  INFO 31444 --- [    Test worker] cinema.Main                              : No active profile set, falling back to 1 default profile: "default"
?[0m?[0;34m2024-01-29T19:28:27.812+01:00  INFO 31444 --- [    Test worker] o.s.b.w.embedded.tomcat.TomcatWebServer  : Tomcat initialized with port(s): 8080 (http)
?[0m?[0;34m2024-01-29T19:28:27.831+01:00  INFO 31444 --- [    Test worker] o.apache.catalina.core.StandardService   : Starting service [Tomcat]
?[0m?[0;34m2024-01-29T19:28:27.832+01:00  INFO 31444 --- [    Test worker] o.apache.catalina.core.StandardEngine    : Starting Servlet engine: [Apache Tomcat/10.1.5]
?[0m?[0;34m2024-01-29T19:28:28.028+01:00  INFO 31444 --- [    Test worker] o.a.c.c.C.[Tomcat].[localhost].[/]       : Initializing Spring embedded WebApplicationContext
?[0m?[0;34m2024-01-29T19:28:28.031+01:00  INFO 31444 --- [    Test worker] w.s.c.ServletWebServerApplicationContext : Root WebApplicationContext: initialization completed in 2996 ms
?[0m?[0;34m2024-01-29T19:28:29.315+01:00  INFO 31444 --- [    Test worker] o.s.b.a.e.web.EndpointLinksResolver      : Exposing 14 endpoint(s) beneath base path '/actuator'
?[0m?[0;34m2024-01-29T19:28:29.426+01:00  INFO 31444 --- [    Test worker] o.s.b.w.embedded.tomcat.TomcatWebServer  : Tomcat started on port(s): 8080 (http) with context path ''
?[0m?[0;34m2024-01-29T19:28:29.480+01:00  INFO 31444 --- [    Test worker] cinema.Main                              : Started Main in 5.619 seconds (process running for 7.456)
?[0;34m2024-01-29T19:28:30.143+01:00  INFO 31444 --- [nio-8080-exec-1] o.a.c.c.C.[Tomcat].[localhost].[/]       : Initializing Spring DispatcherServlet 'dispatcherServlet'
?[0m?[0;34m2024-01-29T19:28:30.144+01:00  INFO 31444 --- [nio-8080-exec-1] o.s.web.servlet.DispatcherServlet        : Initializing Servlet 'dispatcherServlet'
?[0m?[0;34m2024-01-29T19:28:30.147+01:00  INFO 31444 --- [nio-8080-exec-1] o.s.web.servlet.DispatcherServlet        : Completed initialization in 2 ms
?[0m?[1;31m
Start test 2?[0m
]]></system-out>
  <system-err><![CDATA[]]></system-err>
</testsuite>
